<?xml version="1.0" encoding="UTF-8"?>
<robot generator="Robot 7.3.2 (Python 3.13.5 on darwin)" generated="2025-08-02T14:50:09.113479" rpa="false" schemaversion="5">
<suite id="s1" name="Testcase Login" source="/Users/paweesudadokmai/Desktop/Automate_Exam/TestSuite/Testcase_Login.robot">
<test id="s1-t1" name="TC01_001 Login success" line="20">
<kw name="open website:" owner="Login_Keyword">
<kw name="Open Browser" owner="SeleniumLibrary">
<msg time="2025-08-02T14:50:09.293601" level="INFO">Opening browser 'chrome' to base url 'https://the-internet.herokuapp.com/login'.</msg>
<arg>${URL}</arg>
<arg>${Browser}</arg>
<arg>options=add_argument("--ignore-certificate-error")</arg>
<doc>Opens a new browser instance to the optional ``url``.</doc>
<status status="PASS" start="2025-08-02T14:50:09.293402" elapsed="12.679105"/>
</kw>
<kw name="Maximize Browser Window" owner="SeleniumLibrary">
<doc>Maximizes current browser window.</doc>
<status status="PASS" start="2025-08-02T14:50:21.975058" elapsed="0.383966"/>
</kw>
<arg>chrome</arg>
<arg>${URL}</arg>
<status status="PASS" start="2025-08-02T14:50:09.292836" elapsed="13.066493"/>
</kw>
<kw name="Fill out Input:" owner="Login_Keyword">
<kw name="Wait Until Element Is Visible" owner="SeleniumLibrary">
<arg>${Input_Username}</arg>
<arg>120s</arg>
<doc>Waits until the element ``locator`` is visible.</doc>
<status status="PASS" start="2025-08-02T14:50:22.360526" elapsed="0.017412"/>
</kw>
<kw name="Input Text" owner="SeleniumLibrary">
<msg time="2025-08-02T14:50:22.378301" level="INFO">Typing text 'tomsmith' into text field '//input[@id="username"]'.</msg>
<arg>${Locator}</arg>
<arg>${Data}</arg>
<doc>Types the given ``text`` into the text field identified by ``locator``.</doc>
<status status="PASS" start="2025-08-02T14:50:22.378100" elapsed="0.105067"/>
</kw>
<arg>${Input_Username}</arg>
<arg>${Username}</arg>
<status status="PASS" start="2025-08-02T14:50:22.359994" elapsed="0.123304"/>
</kw>
<kw name="Fill out Input:" owner="Login_Keyword">
<kw name="Wait Until Element Is Visible" owner="SeleniumLibrary">
<arg>${Input_Username}</arg>
<arg>120s</arg>
<doc>Waits until the element ``locator`` is visible.</doc>
<status status="PASS" start="2025-08-02T14:50:22.483803" elapsed="0.005680"/>
</kw>
<kw name="Input Text" owner="SeleniumLibrary">
<msg time="2025-08-02T14:50:22.489784" level="INFO">Typing text 'SuperSecretPassword!' into text field '//input[@id='password']'.</msg>
<arg>${Locator}</arg>
<arg>${Data}</arg>
<doc>Types the given ``text`` into the text field identified by ``locator``.</doc>
<status status="PASS" start="2025-08-02T14:50:22.489623" elapsed="0.031226"/>
</kw>
<arg>${Input_Password}</arg>
<arg>${Password}</arg>
<status status="PASS" start="2025-08-02T14:50:22.483539" elapsed="0.037447"/>
</kw>
<kw name="Click Element:" owner="Login_Keyword">
<kw name="Wait Until Element Is Visible" owner="SeleniumLibrary">
<arg>${Locator}</arg>
<arg>120s</arg>
<doc>Waits until the element ``locator`` is visible.</doc>
<status status="PASS" start="2025-08-02T14:50:22.521693" elapsed="0.008423"/>
</kw>
<kw name="Click Element" owner="SeleniumLibrary">
<msg time="2025-08-02T14:50:22.530434" level="INFO">Clicking element '//button[@type="submit"]'.</msg>
<arg>${Locator}</arg>
<doc>Click the element identified by ``locator``.</doc>
<status status="PASS" start="2025-08-02T14:50:22.530270" elapsed="0.026754"/>
</kw>
<arg>${button_login}</arg>
<status status="PASS" start="2025-08-02T14:50:22.521229" elapsed="0.035987"/>
</kw>
<kw name="Wait Until Element Is Visible" owner="SeleniumLibrary">
<arg>${Div_Login_success}</arg>
<arg>120s</arg>
<doc>Waits until the element ``locator`` is visible.</doc>
<status status="PASS" start="2025-08-02T14:50:22.557425" elapsed="0.876071"/>
</kw>
<kw name="Verify message:" owner="Login_Keyword">
<kw name="Wait Until Element Is Visible" owner="SeleniumLibrary">
<arg>${Locator}</arg>
<arg>120s</arg>
<doc>Waits until the element ``locator`` is visible.</doc>
<status status="PASS" start="2025-08-02T14:50:23.434150" elapsed="0.006581"/>
</kw>
<kw name="Get Text" owner="SeleniumLibrary">
<msg time="2025-08-02T14:50:23.465880" level="INFO">${Message} = You logged into a secure area!
×</msg>
<var>${Message}</var>
<arg>${Locator}</arg>
<doc>Returns the text value of the element identified by ``locator``.</doc>
<status status="PASS" start="2025-08-02T14:50:23.440890" elapsed="0.025101"/>
</kw>
<kw name="Element Text Should Be" owner="SeleniumLibrary">
<msg time="2025-08-02T14:50:23.466120" level="WARN">Keyword 'Element Text Should Be' found both from a custom library 'SeleniumLibrary' and a standard library 'XML'. The custom keyword is used. To select explicitly, and to get rid of this warning, use either 'SeleniumLibrary.Element Text Should Be' or 'XML.Element Text Should Be'.</msg>
<msg time="2025-08-02T14:50:23.466664" level="INFO">Verifying element '//div[@id="flash"]' contains exact text 'You logged into a secure area!
×'.</msg>
<arg>${Locator}</arg>
<arg>${Message}</arg>
<arg>ignore_case=${False}</arg>
<doc>Verifies that element ``locator`` contains exact the text ``expected``.</doc>
<status status="PASS" start="2025-08-02T14:50:23.466150" elapsed="0.006833"/>
</kw>
<arg>${Div_Login_success}</arg>
<status status="PASS" start="2025-08-02T14:50:23.433818" elapsed="0.039304"/>
</kw>
<kw name="Close All Browsers" owner="SeleniumLibrary" type="TEARDOWN">
<doc>Closes all open browsers and resets the browser cache.</doc>
<status status="PASS" start="2025-08-02T14:50:23.473384" elapsed="0.105355"/>
</kw>
<doc>DESCRIPTION:
"1. Open browser and go to'http://the-internet.herokuapp.com/login'.
2. Input username'tomsmith' and password'SuperSecretPassword!'.
3. Click the 'Logout' button.</doc>
<tag>Login success</tag>
<status status="PASS" start="2025-08-02T14:50:09.292316" elapsed="14.286695"/>
</test>
<doc>Login function</doc>
<meta name="Version 0.1"/>
<status status="PASS" start="2025-08-02T14:50:09.115196" elapsed="14.464367"/>
</suite>
<statistics>
<total>
<stat pass="1" fail="0" skip="0">All Tests</stat>
</total>
<tag>
<stat pass="1" fail="0" skip="0">Login success</stat>
</tag>
<suite>
<stat name="Testcase Login" id="s1" pass="1" fail="0" skip="0">Testcase Login</stat>
</suite>
</statistics>
<errors>
<msg time="2025-08-02T14:50:23.466120" level="WARN">Keyword 'Element Text Should Be' found both from a custom library 'SeleniumLibrary' and a standard library 'XML'. The custom keyword is used. To select explicitly, and to get rid of this warning, use either 'SeleniumLibrary.Element Text Should Be' or 'XML.Element Text Should Be'.</msg>
</errors>
</robot>
